#
# A fatal error has been detected by the Java Runtime Environment:
#
#  SIGSEGV (0xb) at pc=0x00007fa6ec9dbc1e, pid=4541, tid=140354724509440
#
# JRE version: Java(TM) SE Runtime Environment (7.0_65-b17) (build 1.7.0_65-b17)
# Java VM: Java HotSpot(TM) 64-Bit Server VM (24.65-b04 mixed mode linux-amd64 compressed oops)
# Problematic frame:
# V  [libjvm.so+0x6a6c1e]  JNIHandles::checked_resolve_jmethod_id(_jmethodID*)+0xe
#
# Failed to write core dump. Core dumps have been disabled. To enable core dumping, try "ulimit -c unlimited" before starting Java again
#
# If you would like to submit a bug report, please visit:
#   http://bugreport.sun.com/bugreport/crash.jsp
#

---------------  T H R E A D  ---------------

Current thread (0x00007fa6e809c000):  JavaThread "JDWP Transport Listener: dt_socket" daemon [_thread_in_vm, id=4551, stack(0x00007fa6e16f3000,0x00007fa6e17f4000)]

siginfo:si_signo=SIGSEGV: si_errno=0, si_code=128 (), si_addr=0x0000000000000000

Registers:
RAX=0x0000000000000001, RBX=0x00007fa6e8003ee0, RCX=0x00007fa6edb9c2c0, RDX=0x00007fa6ed17f360
RSP=0x00007fa6e17f2760, RBP=0x00007fa6e17f2770, RSI=0x00007fa6e809c000, RDI=0x2f736d687469726f
R8 =0x0000000000000000, R9 =0x0000000000000000, R10=0x0000000000000010, R11=0x00007fa6ed32d610
R12=0x0000000000000017, R13=0x2f736d687469726f, R14=0x00007fa6e809c000, R15=0x00007fa6e17f2877
RIP=0x00007fa6ec9dbc1e, EFLAGS=0x0000000000010206, CSGSFS=0xffff000000000033, ERR=0x0000000000000000
  TRAPNO=0x000000000000000d

Top of Stack: (sp=0x00007fa6e17f2760)
0x00007fa6e17f2760:   0000000000000074 00007fa6e8003ee0
0x00007fa6e17f2770:   00007fa6e17f27e0 00007fa6ec9cd04e
0x00007fa6e17f2780:   0000000000000073 00007fa6e17f2790
0x00007fa6e17f2790:   00007fa6e809c000 0000000000000000
0x00007fa6e17f27a0:   00007fa600000000 0000000000000000
0x00007fa6e17f27b0:   00007fa6e17f27d0 00007fa6e79be120
0x00007fa6e17f27c0:   2f736d687469726f 00007fa6e17f2877
0x00007fa6e17f27d0:   0000000000000005 00007fa6e17f2877
0x00007fa6e17f27e0:   00007fa6e17f2810 00007fa6e77a9472
0x00007fa6e17f27f0:   00007fa6e17f2810 2f736d687469726f
0x00007fa6e17f2800:   00007fa6e17f28e0 0000000000000028
0x00007fa6e17f2810:   00007fa6e17f28a0 00007fa6e778aa60
0x00007fa6e17f2820:   00007fa6e17f2858 00007fa6e17f2850
0x00007fa6e17f2830:   00007fa6e17f2848 00007fa6e17f286c
0x00007fa6e17f2840:   00000001b8002fb0 0000000000000000
0x00007fa6e17f2850:   0000000000000000 0000000000000000
0x00007fa6e17f2860:   00007fa6b8007b80 00000001e17f28e0
0x00007fa6e17f2870:   0000000000000006 0000000000000002
0x00007fa6e17f2880:   000000000000000f 0000000000000002
0x00007fa6e17f2890:   00000000000f0200 000000000000000f
0x00007fa6e17f28a0:   00007fa6e17f2af0 00007fa6e7795976
0x00007fa6e17f28b0:   0000ceaa00000013 00007fa6ec0f0200
0x00007fa6e17f28c0:   00007fa6b0000ba0 00007fa6e809c000
0x00007fa6e17f28d0:   00007fa6e17f28e0 00007fa6e17f2a70
0x00007fa6e17f28e0:   00007fa6e17f29fa 00007fa600000062
0x00007fa6e17f28f0:   00007fa6e17f28f8 00000000000000ca
0x00007fa6e17f2900:   00007fa6e17f2930 0000000000000000
0x00007fa6e17f2910:   0000000000000000 0000ceaa0000000f
0x00007fa6e17f2920:   00007fa600002980 00007fa6e17f2930
0x00007fa6e17f2930:   a67f000006000000 0400000090e306e8
0x00007fa6e17f2940:   160000006e69616d 2f6176616a4c5b28
0x00007fa6e17f2950:   7274532f676e616c 000056293b676e69 

Instructions: (pc=0x00007fa6ec9dbc1e)
0x00007fa6ec9dbbfe:   20 00 e9 52 ff ff ff 90 90 90 90 90 90 90 90 90
0x00007fa6ec9dbc0e:   90 90 55 48 89 e5 53 48 83 ec 08 48 85 ff 74 3c
0x00007fa6ec9dbc1e:   48 8b 1f 48 85 db 74 34 48 b8 fe fe fe fe fe fe
0x00007fa6ec9dbc2e:   fe fe 48 39 c3 74 25 48 8b 05 0c fe 75 00 80 38 

Register to memory mapping:

RAX=0x0000000000000001 is an unknown value
RBX=0x00007fa6e8003ee0 is an unknown value
RCX=0x00007fa6edb9c2c0: <offset 0x2182c0> in /lib/x86_64-linux-gnu/libpthread.so.0 at 0x00007fa6ed984000
RDX=0x00007fa6ed17f360: <offset 0xe4a360> in /usr/lib/jvm/java-7-oracle/jre/lib/amd64/server/libjvm.so at 0x00007fa6ec335000
RSP=0x00007fa6e17f2760 is pointing into the stack for thread: 0x00007fa6e809c000
RBP=0x00007fa6e17f2770 is pointing into the stack for thread: 0x00007fa6e809c000
RSI=0x00007fa6e809c000 is a thread
RDI=0x2f736d687469726f is an unknown value
R8 =0x0000000000000000 is an unknown value
R9 =0x0000000000000000 is an unknown value
R10=0x0000000000000010 is an unknown value
R11=0x00007fa6ed32d610: <offset 0x184610> in /lib/x86_64-linux-gnu/libc.so.6 at 0x00007fa6ed1a9000
R12=0x0000000000000017 is an unknown value
R13=0x2f736d687469726f is an unknown value
R14=0x00007fa6e809c000 is a thread
R15=0x00007fa6e17f2877 is pointing into the stack for thread: 0x00007fa6e809c000


Stack: [0x00007fa6e16f3000,0x00007fa6e17f4000],  sp=0x00007fa6e17f2760,  free space=1021k
Native frames: (J=compiled Java code, j=interpreted, Vv=VM code, C=native code)
V  [libjvm.so+0x6a6c1e]  JNIHandles::checked_resolve_jmethod_id(_jmethodID*)+0xe
V  [libjvm.so+0x69804e]  jvmti_IsMethodSynthetic+0x23e
C  [libjdwp.so+0x25472]  isMethodSynthetic+0x42
C  [libjdwp.so+0x6a60]  methods1+0x1b0
C  [libjdwp.so+0x11976]  debugLoop_run+0x2b6
C  [libjdwp.so+0x243af]  attachThread+0x2f
V  [libjvm.so+0x6fc827]  JvmtiAgentThread::call_start_function()+0x97
V  [libjvm.so+0x958d9f]  JavaThread::thread_main_inner()+0xdf
V  [libjvm.so+0x958ea5]  JavaThread::run()+0xf5
V  [libjvm.so+0x81f988]  java_start(Thread*)+0x108


---------------  P R O C E S S  ---------------

Java Threads: ( => current thread )
  0x00007fa6e80a7800 JavaThread "Service Thread" daemon [_thread_blocked, id=4558, stack(0x00007fa6e11ee000,0x00007fa6e12ef000)]
  0x00007fa6e80a5000 JavaThread "C2 CompilerThread1" daemon [_thread_blocked, id=4557, stack(0x00007fa6e12ef000,0x00007fa6e13f0000)]
  0x00007fa6e80a2000 JavaThread "C2 CompilerThread0" daemon [_thread_blocked, id=4556, stack(0x00007fa6e13f0000,0x00007fa6e14f1000)]
  0x00007fa6b8001000 JavaThread "JDWP Command Reader" daemon [_thread_in_native, id=4555, stack(0x00007fa6e14f1000,0x00007fa6e15f2000)]
  0x00007fa6e809f800 JavaThread "JDWP Event Helper Thread" daemon [_thread_blocked, id=4553, stack(0x00007fa6e15f2000,0x00007fa6e16f3000)]
=>0x00007fa6e809c000 JavaThread "JDWP Transport Listener: dt_socket" daemon [_thread_in_vm, id=4551, stack(0x00007fa6e16f3000,0x00007fa6e17f4000)]
  0x00007fa6e808f000 JavaThread "Signal Dispatcher" daemon [_thread_blocked, id=4550, stack(0x00007fa6e1c05000,0x00007fa6e1d06000)]
  0x00007fa6e8070800 JavaThread "Finalizer" daemon [_thread_blocked, id=4549, stack(0x00007fa6e1d06000,0x00007fa6e1e07000)]
  0x00007fa6e806e800 JavaThread "Reference Handler" daemon [_thread_blocked, id=4548, stack(0x00007fa6e1e07000,0x00007fa6e1f08000)]
  0x00007fa6e800a800 JavaThread "main" [_thread_blocked, id=4542, stack(0x00007fa6edc9c000,0x00007fa6edd9d000)]

Other Threads:
  0x00007fa6e806a000 VMThread [stack: 0x00007fa6e1f08000,0x00007fa6e2009000] [id=4547]
  0x00007fa6e80ba000 WatcherThread [stack: 0x00007fa6e10ed000,0x00007fa6e11ee000] [id=4559]

VM state:not at safepoint (normal execution)

VM Mutex/Monitor currently owned by a thread: None

Heap
 PSYoungGen      total 18432K, used 1587K [0x00000000ebe80000, 0x00000000ed300000, 0x0000000100000000)
  eden space 15872K, 10% used [0x00000000ebe80000,0x00000000ec00cf60,0x00000000ece00000)
  from space 2560K, 0% used [0x00000000ed080000,0x00000000ed080000,0x00000000ed300000)
  to   space 2560K, 0% used [0x00000000ece00000,0x00000000ece00000,0x00000000ed080000)
 ParOldGen       total 40960K, used 0K [0x00000000c3c00000, 0x00000000c6400000, 0x00000000ebe80000)
  object space 40960K, 0% used [0x00000000c3c00000,0x00000000c3c00000,0x00000000c6400000)
 PSPermGen       total 21504K, used 3608K [0x00000000bea00000, 0x00000000bff00000, 0x00000000c3c00000)
  object space 21504K, 16% used [0x00000000bea00000,0x00000000bed861a8,0x00000000bff00000)

Card table byte_map: [0x00007fa6e39b7000,0x00007fa6e3bc3000] byte_map_base: 0x00007fa6e33c2000

Polling page: 0x00007fa6eddc0000

Code Cache  [0x00007fa6e3c83000, 0x00007fa6e3ef3000, 0x00007fa6e6c83000)
 total_blobs=195 nmethods=3 adapters=154 free_code_cache=48758Kb largest_free_block=49918080

Compilation events (6 events):
Event: 0,078 Thread 0x00007fa6e80a2000    1             java.lang.String::indexOf (70 bytes)
Event: 0,086 Thread 0x00007fa6e80a2000 nmethod 1 0x00007fa6e3ce2c50 code [0x00007fa6e3ce2da0, 0x00007fa6e3ce2f68]
Event: 36765,722 Thread 0x00007fa6e80a5000    2             sun.nio.cs.UTF_8$Encoder::encode (361 bytes)
Event: 36765,730 Thread 0x00007fa6e80a5000 nmethod 2 0x00007fa6e3ce1fd0 code [0x00007fa6e3ce2160, 0x00007fa6e3ce2828]
Event: 37540,527 Thread 0x00007fa6e80a2000    3             java.lang.String::hashCode (55 bytes)
Event: 37540,529 Thread 0x00007fa6e80a2000 nmethod 3 0x00007fa6e3ce4e10 code [0x00007fa6e3ce4f60, 0x00007fa6e3ce50f8]

GC Heap History (0 events):
No events

Deoptimization events (0 events):
No events

Internal exceptions (10 events):
Event: 37540,526 Thread 0x00007fa6e800a800 Threw 0x00000000ebfaefd8 at /HUDSON/workspace/7u-2-build-linux-amd64/jdk7u65/1224/hotspot/src/share/vm/prims/jvm.cpp:1244
Event: 37540,526 Thread 0x00007fa6e800a800 Threw 0x00000000ebfb06c8 at /HUDSON/workspace/7u-2-build-linux-amd64/jdk7u65/1224/hotspot/src/share/vm/prims/jvm.cpp:1244
Event: 37540,528 Thread 0x00007fa6e800a800 Threw 0x00000000ebfc1c90 at /HUDSON/workspace/7u-2-build-linux-amd64/jdk7u65/1224/hotspot/src/share/vm/prims/jvm.cpp:1244
Event: 37540,528 Thread 0x00007fa6e800a800 Threw 0x00000000ebfc1eb8 at /HUDSON/workspace/7u-2-build-linux-amd64/jdk7u65/1224/hotspot/src/share/vm/prims/jvm.cpp:1244
Event: 37540,529 Thread 0x00007fa6e800a800 Threw 0x00000000ebfc4870 at /HUDSON/workspace/7u-2-build-linux-amd64/jdk7u65/1224/hotspot/src/share/vm/prims/jvm.cpp:1244
Event: 37540,529 Thread 0x00007fa6e800a800 Threw 0x00000000ebfc4a98 at /HUDSON/workspace/7u-2-build-linux-amd64/jdk7u65/1224/hotspot/src/share/vm/prims/jvm.cpp:1244
Event: 37540,532 Thread 0x00007fa6e800a800 Threw 0x00000000ebfcbc90 at /HUDSON/workspace/7u-2-build-linux-amd64/jdk7u65/1224/hotspot/src/share/vm/prims/jni.cpp:717
Event: 37540,532 Thread 0x00007fa6e800a800 Threw 0x00000000ebfcc6f8 at /HUDSON/workspace/7u-2-build-linux-amd64/jdk7u65/1224/hotspot/src/share/vm/prims/jni.cpp:717
Event: 47021,596 Thread 0x00007fa6e800a800 Threw 0x00000000ebfd0688 at /HUDSON/workspace/7u-2-build-linux-amd64/jdk7u65/1224/hotspot/src/share/vm/prims/jvm.cpp:1244
Event: 47021,663 Thread 0x00007fa6e800a800 Threw 0x00000000ebfd1f90 at /HUDSON/workspace/7u-2-build-linux-amd64/jdk7u65/1224/hotspot/src/share/vm/prims/jvm.cpp:1244

Events (10 events):
Event: 45013,554 Executing VM operation: GetOrSetLocal
Event: 45013,595 Executing VM operation: GetOrSetLocal done
Event: 47021,596 loading class 0x00007fa6e811fea0
Event: 47021,596 loading class 0x00007fa6e811fea0 done
Event: 47021,663 Executing VM operation: ForceSafepoint
Event: 47021,663 Executing VM operation: ForceSafepoint done
Event: 47042,436 Executing VM operation: GetOrSetLocal
Event: 47042,436 Executing VM operation: GetOrSetLocal done
Event: 47182,841 Executing VM operation: RedefineClasses
Event: 47182,856 Executing VM operation: RedefineClasses done


Dynamic libraries:
00400000-00401000 r-xp 00000000 08:05 2885808                            /usr/lib/jvm/java-7-oracle/bin/java
00600000-00601000 rw-p 00000000 08:05 2885808                            /usr/lib/jvm/java-7-oracle/bin/java
00e8d000-00eae000 rw-p 00000000 00:00 0                                  [heap]
bea00000-bff00000 rw-p 00000000 00:00 0 
bff00000-c3c00000 rw-p 00000000 00:00 0 
c3c00000-c6400000 rw-p 00000000 00:00 0 
c6400000-ebe80000 rw-p 00000000 00:00 0 
ebe80000-ed300000 rw-p 00000000 00:00 0 
ed300000-100000000 rw-p 00000000 00:00 0 
7fa69c000000-7fa69c021000 rw-p 00000000 00:00 0 
7fa69c021000-7fa6a0000000 ---p 00000000 00:00 0 
7fa6a0000000-7fa6a0021000 rw-p 00000000 00:00 0 
7fa6a0021000-7fa6a4000000 ---p 00000000 00:00 0 
7fa6a4000000-7fa6a4066000 rw-p 00000000 00:00 0 
7fa6a4066000-7fa6a8000000 ---p 00000000 00:00 0 
7fa6a8000000-7fa6a80da000 rw-p 00000000 00:00 0 
7fa6a80da000-7fa6ac000000 ---p 00000000 00:00 0 
7fa6ac000000-7fa6ac021000 rw-p 00000000 00:00 0 
7fa6ac021000-7fa6b0000000 ---p 00000000 00:00 0 
7fa6b0000000-7fa6b0021000 rw-p 00000000 00:00 0 
7fa6b0021000-7fa6b4000000 ---p 00000000 00:00 0 
7fa6b4000000-7fa6b4021000 rw-p 00000000 00:00 0 
7fa6b4021000-7fa6b8000000 ---p 00000000 00:00 0 
7fa6b8000000-7fa6b8021000 rw-p 00000000 00:00 0 
7fa6b8021000-7fa6bc000000 ---p 00000000 00:00 0 
7fa6bc000000-7fa6bc021000 rw-p 00000000 00:00 0 
7fa6bc021000-7fa6c0000000 ---p 00000000 00:00 0 
7fa6c0000000-7fa6c0021000 rw-p 00000000 00:00 0 
7fa6c0021000-7fa6c4000000 ---p 00000000 00:00 0 
7fa6c4000000-7fa6c4021000 rw-p 00000000 00:00 0 
7fa6c4021000-7fa6c8000000 ---p 00000000 00:00 0 
7fa6c8000000-7fa6c8021000 rw-p 00000000 00:00 0 
7fa6c8021000-7fa6cc000000 ---p 00000000 00:00 0 
7fa6cc000000-7fa6cc021000 rw-p 00000000 00:00 0 
7fa6cc021000-7fa6d0000000 ---p 00000000 00:00 0 
7fa6d4000000-7fa6d4021000 rw-p 00000000 00:00 0 
7fa6d4021000-7fa6d8000000 ---p 00000000 00:00 0 
7fa6d95ad000-7fa6d9719000 rw-p 00000000 00:00 0 
7fa6d9719000-7fa6d971e000 r-xp 00000000 08:05 2759651                    /usr/lib/x86_64-linux-gnu/libXdmcp.so.6.0.0
7fa6d971e000-7fa6d991d000 ---p 00005000 08:05 2759651                    /usr/lib/x86_64-linux-gnu/libXdmcp.so.6.0.0
7fa6d991d000-7fa6d991e000 r--p 00004000 08:05 2759651                    /usr/lib/x86_64-linux-gnu/libXdmcp.so.6.0.0
7fa6d991e000-7fa6d991f000 rw-p 00005000 08:05 2759651                    /usr/lib/x86_64-linux-gnu/libXdmcp.so.6.0.0
7fa6d991f000-7fa6d9921000 r-xp 00000000 08:05 2759640                    /usr/lib/x86_64-linux-gnu/libXau.so.6.0.0
7fa6d9921000-7fa6d9b20000 ---p 00002000 08:05 2759640                    /usr/lib/x86_64-linux-gnu/libXau.so.6.0.0
7fa6d9b20000-7fa6d9b21000 r--p 00001000 08:05 2759640                    /usr/lib/x86_64-linux-gnu/libXau.so.6.0.0
7fa6d9b21000-7fa6d9b22000 rw-p 00002000 08:05 2759640                    /usr/lib/x86_64-linux-gnu/libXau.so.6.0.0
7fa6d9b22000-7fa6d9b3f000 r-xp 00000000 08:05 2762427                    /usr/lib/x86_64-linux-gnu/libxcb.so.1.1.0
7fa6d9b3f000-7fa6d9d3e000 ---p 0001d000 08:05 2762427                    /usr/lib/x86_64-linux-gnu/libxcb.so.1.1.0
7fa6d9d3e000-7fa6d9d3f000 r--p 0001c000 08:05 2762427                    /usr/lib/x86_64-linux-gnu/libxcb.so.1.1.0
7fa6d9d3f000-7fa6d9d40000 rw-p 0001d000 08:05 2762427                    /usr/lib/x86_64-linux-gnu/libxcb.so.1.1.0
7fa6d9d40000-7fa6d9d4f000 r-xp 00000000 08:05 2758345                    /usr/lib/x86_64-linux-gnu/libXi.so.6.1.0
7fa6d9d4f000-7fa6d9f4e000 ---p 0000f000 08:05 2758345                    /usr/lib/x86_64-linux-gnu/libXi.so.6.1.0
7fa6d9f4e000-7fa6d9f4f000 r--p 0000e000 08:05 2758345                    /usr/lib/x86_64-linux-gnu/libXi.so.6.1.0
7fa6d9f4f000-7fa6d9f50000 rw-p 0000f000 08:05 2758345                    /usr/lib/x86_64-linux-gnu/libXi.so.6.1.0
7fa6d9f50000-7fa6dc000000 rw-p 00000000 00:00 0 
7fa6dc000000-7fa6dc021000 rw-p 00000000 00:00 0 
7fa6dc021000-7fa6e0000000 ---p 00000000 00:00 0 
7fa6e00ae000-7fa6e0189000 rw-p 00000000 00:00 0 
7fa6e0189000-7fa6e01ab000 r--p 00000000 08:05 3411000                    /usr/share/locale-langpack/pt_BR/LC_MESSAGES/libc.mo
7fa6e01ab000-7fa6e01b0000 r-xp 00000000 08:05 2759676                    /usr/lib/x86_64-linux-gnu/libXtst.so.6.1.0
7fa6e01b0000-7fa6e03af000 ---p 00005000 08:05 2759676                    /usr/lib/x86_64-linux-gnu/libXtst.so.6.1.0
7fa6e03af000-7fa6e03b0000 r--p 00004000 08:05 2759676                    /usr/lib/x86_64-linux-gnu/libXtst.so.6.1.0
7fa6e03b0000-7fa6e03b1000 rw-p 00005000 08:05 2759676                    /usr/lib/x86_64-linux-gnu/libXtst.so.6.1.0
7fa6e03b1000-7fa6e03ba000 r-xp 00000000 08:05 2759654                    /usr/lib/x86_64-linux-gnu/libXrender.so.1.3.0
7fa6e03ba000-7fa6e05b9000 ---p 00009000 08:05 2759654                    /usr/lib/x86_64-linux-gnu/libXrender.so.1.3.0
7fa6e05b9000-7fa6e05ba000 r--p 00008000 08:05 2759654                    /usr/lib/x86_64-linux-gnu/libXrender.so.1.3.0
7fa6e05ba000-7fa6e05bb000 rw-p 00009000 08:05 2759654                    /usr/lib/x86_64-linux-gnu/libXrender.so.1.3.0
7fa6e05bb000-7fa6e06eb000 r-xp 00000000 08:05 2756702                    /usr/lib/x86_64-linux-gnu/libX11.so.6.3.0
7fa6e06eb000-7fa6e08eb000 ---p 00130000 08:05 2756702                    /usr/lib/x86_64-linux-gnu/libX11.so.6.3.0
7fa6e08eb000-7fa6e08ec000 r--p 00130000 08:05 2756702                    /usr/lib/x86_64-linux-gnu/libX11.so.6.3.0
7fa6e08ec000-7fa6e08f0000 rw-p 00131000 08:05 2756702                    /usr/lib/x86_64-linux-gnu/libX11.so.6.3.0
7fa6e08f0000-7fa6e0900000 r-xp 00000000 08:05 2759637                    /usr/lib/x86_64-linux-gnu/libXext.so.6.4.0
7fa6e0900000-7fa6e0aff000 ---p 00010000 08:05 2759637                    /usr/lib/x86_64-linux-gnu/libXext.so.6.4.0
7fa6e0aff000-7fa6e0b00000 r--p 0000f000 08:05 2759637                    /usr/lib/x86_64-linux-gnu/libXext.so.6.4.0
7fa6e0b00000-7fa6e0b01000 rw-p 00010000 08:05 2759637                    /usr/lib/x86_64-linux-gnu/libXext.so.6.4.0
7fa6e0b21000-7fa6e0b71000 r-xp 00000000 08:05 3038480                    /usr/lib/jvm/java-7-oracle/jre/lib/amd64/xawt/libmawt.so
7fa6e0b71000-7fa6e0d71000 ---p 00050000 08:05 3038480                    /usr/lib/jvm/java-7-oracle/jre/lib/amd64/xawt/libmawt.so
7fa6e0d71000-7fa6e0d75000 rw-p 00050000 08:05 3038480                    /usr/lib/jvm/java-7-oracle/jre/lib/amd64/xawt/libmawt.so
7fa6e0d75000-7fa6e0d76000 rw-p 00000000 00:00 0 
7fa6e0d76000-7fa6e0e18000 r-xp 00000000 08:05 3038460                    /usr/lib/jvm/java-7-oracle/jre/lib/amd64/libawt.so
7fa6e0e18000-7fa6e1018000 ---p 000a2000 08:05 3038460                    /usr/lib/jvm/java-7-oracle/jre/lib/amd64/libawt.so
7fa6e1018000-7fa6e1024000 rw-p 000a2000 08:05 3038460                    /usr/lib/jvm/java-7-oracle/jre/lib/amd64/libawt.so
7fa6e1024000-7fa6e1048000 rw-p 00000000 00:00 0 
7fa6e1048000-7fa6e1053000 r--s 0037c000 08:05 3038826                    /usr/lib/jvm/java-7-oracle/jre/lib/charsets.jar
7fa6e1053000-7fa6e10e2000 r--s 00de4000 08:05 3038827                    /usr/lib/jvm/java-7-oracle/jre/lib/jfxrt.jar
7fa6e10e2000-7fa6e10ed000 r--s 0037c000 08:05 3038826                    /usr/lib/jvm/java-7-oracle/jre/lib/charsets.jar
7fa6e10ed000-7fa6e10ee000 ---p 00000000 00:00 0 
7fa6e10ee000-7fa6e11ee000 rw-p 00000000 00:00 0                          [stack:4559]
7fa6e11ee000-7fa6e11f1000 ---p 00000000 00:00 0 
7fa6e11f1000-7fa6e12ef000 rw-p 00000000 00:00 0                          [stack:4558]
7fa6e12ef000-7fa6e12f2000 ---p 00000000 00:00 0 
7fa6e12f2000-7fa6e13f0000 rw-p 00000000 00:00 0                          [stack:4557]
7fa6e13f0000-7fa6e13f3000 ---p 00000000 00:00 0 
7fa6e13f3000-7fa6e14f1000 rw-p 00000000 00:00 0                          [stack:4556]
7fa6e14f1000-7fa6e14f4000 ---p 00000000 00:00 0 
7fa6e14f4000-7fa6e15f2000 rw-p 00000000 00:00 0                          [stack:4555]
7fa6e15f2000-7fa6e15f5000 ---p 00000000 00:00 0 
7fa6e15f5000-7fa6e16f3000 rw-p 00000000 00:00 0                          [stack:4553]
7fa6e16f3000-7fa6e16f6000 ---p 00000000 00:00 0 
7fa6e16f6000-7fa6e17f4000 rw-p 00000000 00:00 0                          [stack:4551]
7fa6e17f4000-7fa6e1800000 r-xp 00000000 08:05 12327041                   /lib/x86_64-linux-gnu/libnss_files-2.15.so
7fa6e1800000-7fa6e19ff000 ---p 0000c000 08:05 12327041                   /lib/x86_64-linux-gnu/libnss_files-2.15.so
7fa6e19ff000-7fa6e1a00000 r--p 0000b000 08:05 12327041                   /lib/x86_64-linux-gnu/libnss_files-2.15.so
7fa6e1a00000-7fa6e1a01000 rw-p 0000c000 08:05 12327041                   /lib/x86_64-linux-gnu/libnss_files-2.15.so
7fa6e1a01000-7fa6e1a05000 r-xp 00000000 08:05 3038470                    /usr/lib/jvm/java-7-oracle/jre/lib/amd64/libdt_socket.so
7fa6e1a05000-7fa6e1c04000 ---p 00004000 08:05 3038470                    /usr/lib/jvm/java-7-oracle/jre/lib/amd64/libdt_socket.so
7fa6e1c04000-7fa6e1c05000 rw-p 00003000 08:05 3038470                    /usr/lib/jvm/java-7-oracle/jre/lib/amd64/libdt_socket.so
7fa6e1c05000-7fa6e1c08000 ---p 00000000 00:00 0 
7fa6e1c08000-7fa6e1d06000 rw-p 00000000 00:00 0                          [stack:4550]
7fa6e1d06000-7fa6e1d09000 ---p 00000000 00:00 0 
7fa6e1d09000-7fa6e1e07000 rw-p 00000000 00:00 0                          [stack:4549]
7fa6e1e07000-7fa6e1e0a000 ---p 00000000 00:00 0 
7fa6e1e0a000-7fa6e1f08000 rw-p 00000000 00:00 0                          [stack:4548]
7fa6e1f08000-7fa6e1f09000 ---p 00000000 00:00 0 
7fa6e1f09000-7fa6e3008000 rw-p 00000000 00:00 0                          [stack:4547]
7fa6e3008000-7fa6e31c7000 r--s 039e5000 08:05 3038517                    /usr/lib/jvm/java-7-oracle/jre/lib/rt.jar
7fa6e31c7000-7fa6e3448000 rw-p 00000000 00:00 0 
7fa6e3448000-7fa6e3449000 ---p 00000000 00:00 0 
7fa6e3449000-7fa6e3549000 rw-p 00000000 00:00 0                          [stack:4546]
7fa6e3549000-7fa6e354a000 ---p 00000000 00:00 0 
7fa6e354a000-7fa6e364a000 rw-p 00000000 00:00 0                          [stack:4545]
7fa6e364a000-7fa6e364b000 ---p 00000000 00:00 0 
7fa6e364b000-7fa6e374b000 rw-p 00000000 00:00 0                          [stack:4544]
7fa6e374b000-7fa6e374c000 ---p 00000000 00:00 0 
7fa6e374c000-7fa6e3857000 rw-p 00000000 00:00 0                          [stack:4543]
7fa6e3857000-7fa6e3875000 rw-p 00000000 00:00 0 
7fa6e3875000-7fa6e3889000 rw-p 00000000 00:00 0 
7fa6e3889000-7fa6e39b7000 rw-p 00000000 00:00 0 
7fa6e39b7000-7fa6e39c2000 rw-p 00000000 00:00 0 
7fa6e39c2000-7fa6e39e0000 rw-p 00000000 00:00 0 
7fa6e39e0000-7fa6e39f4000 rw-p 00000000 00:00 0 
7fa6e39f4000-7fa6e3b21000 rw-p 00000000 00:00 0 
7fa6e3b21000-7fa6e3b2c000 rw-p 00000000 00:00 0 
7fa6e3b2c000-7fa6e3bc2000 rw-p 00000000 00:00 0 
7fa6e3bc2000-7fa6e3bcd000 rw-p 00000000 00:00 0 
7fa6e3bcd000-7fa6e3c83000 rw-p 00000000 00:00 0 
7fa6e3c83000-7fa6e3ef3000 rwxp 00000000 00:00 0 
7fa6e3ef3000-7fa6e6c83000 rw-p 00000000 00:00 0 
7fa6e6c83000-7fa6e6c9d000 r-xp 00000000 08:05 3038488                    /usr/lib/jvm/java-7-oracle/jre/lib/amd64/libzip.so
7fa6e6c9d000-7fa6e6e9d000 ---p 0001a000 08:05 3038488                    /usr/lib/jvm/java-7-oracle/jre/lib/amd64/libzip.so
7fa6e6e9d000-7fa6e6e9e000 rw-p 0001a000 08:05 3038488                    /usr/lib/jvm/java-7-oracle/jre/lib/amd64/libzip.so
7fa6e6e9e000-7fa6e7581000 r--p 00000000 08:05 2758991                    /usr/lib/locale/locale-archive
7fa6e7581000-7fa6e7584000 r-xp 00000000 08:05 3038477                    /usr/lib/jvm/java-7-oracle/jre/lib/amd64/libnpt.so
7fa6e7584000-7fa6e7783000 ---p 00003000 08:05 3038477                    /usr/lib/jvm/java-7-oracle/jre/lib/amd64/libnpt.so
7fa6e7783000-7fa6e7784000 rw-p 00002000 08:05 3038477                    /usr/lib/jvm/java-7-oracle/jre/lib/amd64/libnpt.so
7fa6e7784000-7fa6e77bd000 r-xp 00000000 08:05 3038486                    /usr/lib/jvm/java-7-oracle/jre/lib/amd64/libjdwp.so
7fa6e77bd000-7fa6e79bd000 ---p 00039000 08:05 3038486                    /usr/lib/jvm/java-7-oracle/jre/lib/amd64/libjdwp.so
7fa6e79bd000-7fa6e79be000 rw-p 00039000 08:05 3038486                    /usr/lib/jvm/java-7-oracle/jre/lib/amd64/libjdwp.so
7fa6e79be000-7fa6e79bf000 rw-p 00000000 00:00 0 
7fa6e79bf000-7fa6e79e8000 r-xp 00000000 08:05 3038476                    /usr/lib/jvm/java-7-oracle/jre/lib/amd64/libjava.so
7fa6e79e8000-7fa6e7be8000 ---p 00029000 08:05 3038476                    /usr/lib/jvm/java-7-oracle/jre/lib/amd64/libjava.so
7fa6e7be8000-7fa6e7bea000 rw-p 00029000 08:05 3038476                    /usr/lib/jvm/java-7-oracle/jre/lib/amd64/libjava.so
7fa6e7bea000-7fa6e7bf7000 r-xp 00000000 08:05 3038456                    /usr/lib/jvm/java-7-oracle/jre/lib/amd64/libverify.so
7fa6e7bf7000-7fa6e7df6000 ---p 0000d000 08:05 3038456                    /usr/lib/jvm/java-7-oracle/jre/lib/amd64/libverify.so
7fa6e7df6000-7fa6e7df8000 rw-p 0000c000 08:05 3038456                    /usr/lib/jvm/java-7-oracle/jre/lib/amd64/libverify.so
7fa6e7df8000-7fa6e7dff000 r-xp 00000000 08:05 12327044                   /lib/x86_64-linux-gnu/librt-2.15.so
7fa6e7dff000-7fa6e7ffe000 ---p 00007000 08:05 12327044                   /lib/x86_64-linux-gnu/librt-2.15.so
7fa6e7ffe000-7fa6e7fff000 r--p 00006000 08:05 12327044                   /lib/x86_64-linux-gnu/librt-2.15.so
7fa6e7fff000-7fa6e8000000 rw-p 00007000 08:05 12327044                   /lib/x86_64-linux-gnu/librt-2.15.so
7fa6e8000000-7fa6e8150000 rw-p 00000000 00:00 0 
7fa6e8150000-7fa6ec000000 ---p 00000000 00:00 0 
7fa6ec002000-7fa6ec003000 rw-p 00000000 00:00 0 
7fa6ec003000-7fa6ec00a000 r--s 00000000 08:05 3029127                    /usr/lib/x86_64-linux-gnu/gconv/gconv-modules.cache
7fa6ec00a000-7fa6ec022000 r--s 001e1000 08:05 3038824                    /usr/lib/jvm/java-7-oracle/jre/lib/deploy.jar
7fa6ec022000-7fa6ec026000 r--s 0008a000 08:05 3038822                    /usr/lib/jvm/java-7-oracle/jre/lib/jsse.jar
7fa6ec026000-7fa6ec030000 r--s 00251000 08:05 3038818                    /usr/lib/jvm/java-7-oracle/jre/lib/resources.jar
7fa6ec030000-7fa6ec039000 r--s 00067000 08:05 3038694                    /usr/lib/jvm/java-7-oracle/jre/lib/javaws.jar
7fa6ec039000-7fa6ec134000 r-xp 00000000 08:05 12327048                   /lib/x86_64-linux-gnu/libm-2.15.so
7fa6ec134000-7fa6ec333000 ---p 000fb000 08:05 12327048                   /lib/x86_64-linux-gnu/libm-2.15.so
7fa6ec333000-7fa6ec334000 r--p 000fa000 08:05 12327048                   /lib/x86_64-linux-gnu/libm-2.15.so
7fa6ec334000-7fa6ec335000 rw-p 000fb000 08:05 12327048                   /lib/x86_64-linux-gnu/libm-2.15.so
7fa6ec335000-7fa6ecea5000 r-xp 00000000 08:05 3038449                    /usr/lib/jvm/java-7-oracle/jre/lib/amd64/server/libjvm.so
7fa6ecea5000-7fa6ed0a4000 ---p 00b70000 08:05 3038449                    /usr/lib/jvm/java-7-oracle/jre/lib/amd64/server/libjvm.so
7fa6ed0a4000-7fa6ed169000 rw-p 00b6f000 08:05 3038449                    /usr/lib/jvm/java-7-oracle/jre/lib/amd64/server/libjvm.so
7fa6ed169000-7fa6ed1a9000 rw-p 00000000 00:00 0 
7fa6ed1a9000-7fa6ed35e000 r-xp 00000000 08:05 12324370                   /lib/x86_64-linux-gnu/libc-2.15.so
7fa6ed35e000-7fa6ed55e000 ---p 001b5000 08:05 12324370                   /lib/x86_64-linux-gnu/libc-2.15.so
7fa6ed55e000-7fa6ed562000 r--p 001b5000 08:05 12324370                   /lib/x86_64-linux-gnu/libc-2.15.so
7fa6ed562000-7fa6ed564000 rw-p 001b9000 08:05 12324370                   /lib/x86_64-linux-gnu/libc-2.15.so
7fa6ed564000-7fa6ed569000 rw-p 00000000 00:00 0 
7fa6ed569000-7fa6ed56b000 r-xp 00000000 08:05 12327052                   /lib/x86_64-linux-gnu/libdl-2.15.so
7fa6ed56b000-7fa6ed76b000 ---p 00002000 08:05 12327052                   /lib/x86_64-linux-gnu/libdl-2.15.so
7fa6ed76b000-7fa6ed76c000 r--p 00002000 08:05 12327052                   /lib/x86_64-linux-gnu/libdl-2.15.so
7fa6ed76c000-7fa6ed76d000 rw-p 00003000 08:05 12327052                   /lib/x86_64-linux-gnu/libdl-2.15.so
7fa6ed76d000-7fa6ed783000 r-xp 00000000 08:05 3975382                    /usr/lib/jvm/java-7-oracle/lib/amd64/jli/libjli.so
7fa6ed783000-7fa6ed983000 ---p 00016000 08:05 3975382                    /usr/lib/jvm/java-7-oracle/lib/amd64/jli/libjli.so
7fa6ed983000-7fa6ed984000 rw-p 00016000 08:05 3975382                    /usr/lib/jvm/java-7-oracle/lib/amd64/jli/libjli.so
7fa6ed984000-7fa6ed99c000 r-xp 00000000 08:05 12327046                   /lib/x86_64-linux-gnu/libpthread-2.15.so
7fa6ed99c000-7fa6edb9b000 ---p 00018000 08:05 12327046                   /lib/x86_64-linux-gnu/libpthread-2.15.so
7fa6edb9b000-7fa6edb9c000 r--p 00017000 08:05 12327046                   /lib/x86_64-linux-gnu/libpthread-2.15.so
7fa6edb9c000-7fa6edb9d000 rw-p 00018000 08:05 12327046                   /lib/x86_64-linux-gnu/libpthread-2.15.so
7fa6edb9d000-7fa6edba1000 rw-p 00000000 00:00 0 
7fa6edba1000-7fa6edbc3000 r-xp 00000000 08:05 12327049                   /lib/x86_64-linux-gnu/ld-2.15.so
7fa6edbc7000-7fa6edbc9000 r--s 00015000 08:05 13773816                   /home/leonardo/Eclipse/Cores/intelij-idea/lib/idea_rt.jar
7fa6edbc9000-7fa6edbce000 r--s 0007d000 08:05 3038522                    /usr/lib/jvm/java-7-oracle/jre/lib/jfr.jar
7fa6edbce000-7fa6edbcf000 r--s 00000000 08:05 3038518                    /usr/lib/jvm/java-7-oracle/jre/lib/management-agent.jar
7fa6edbcf000-7fa6edbd1000 r--s 00019000 08:05 3036078                    /usr/lib/jvm/java-7-oracle/jre/lib/jce.jar
7fa6edbd1000-7fa6edbe4000 r--s 000d5000 08:05 3032273                    /usr/lib/jvm/java-7-oracle/jre/lib/plugin.jar
7fa6edbe4000-7fa6edc67000 rw-p 00000000 00:00 0 
7fa6edc67000-7fa6edc9c000 r--s 00000000 08:05 4457703                    /var/cache/nscd/passwd
7fa6edc9c000-7fa6edc9f000 ---p 00000000 00:00 0 
7fa6edc9f000-7fa6eddb7000 rw-p 00000000 00:00 0                          [stack:4542]
7fa6eddb7000-7fa6eddbf000 rw-s 00000000 08:05 3977645                    /tmp/hsperfdata_leonardo/4541
7fa6eddbf000-7fa6eddc0000 rw-p 00000000 00:00 0 
7fa6eddc0000-7fa6eddc1000 r--p 00000000 00:00 0 
7fa6eddc1000-7fa6eddc3000 rw-p 00000000 00:00 0 
7fa6eddc3000-7fa6eddc4000 r--p 00022000 08:05 12327049                   /lib/x86_64-linux-gnu/ld-2.15.so
7fa6eddc4000-7fa6eddc6000 rw-p 00023000 08:05 12327049                   /lib/x86_64-linux-gnu/ld-2.15.so
7fff61bc7000-7fff61be8000 rw-p 00000000 00:00 0                          [stack]
7fff61bff000-7fff61c00000 r-xp 00000000 00:00 0                          [vdso]
ffffffffff600000-ffffffffff601000 r-xp 00000000 00:00 0                  [vsyscall]

VM Arguments:
jvm_args: -agentlib:jdwp=transport=dt_socket,address=127.0.0.1:56095,suspend=y,server=n -Dfile.encoding=UTF-8 
java_command: main.Main
Launcher Type: SUN_STANDARD

Environment Variables:
CLASSPATH=/home/leonardo/Eclipse/Cores/intelij-idea/bin/../lib/bootstrap.jar:/home/leonardo/Eclipse/Cores/intelij-idea/bin/../lib/extensions.jar:/home/leonardo/Eclipse/Cores/intelij-idea/bin/../lib/util.jar:/home/leonardo/Eclipse/Cores/intelij-idea/bin/../lib/jdom.jar:/home/leonardo/Eclipse/Cores/intelij-idea/bin/../lib/log4j.jar:/home/leonardo/Eclipse/Cores/intelij-idea/bin/../lib/trove4j.jar:/home/leonardo/Eclipse/Cores/intelij-idea/bin/../lib/jna.jar:/usr/lib/jvm/java-7-oracle/lib/tools.jar
PATH=/usr/lib/lightdm/lightdm:/usr/local/sbin:/usr/local/bin:/usr/sbin:/usr/bin:/sbin:/bin:/usr/games
LD_LIBRARY_PATH=/home/leonardo/Eclipse/Cores/intelij-idea/bin:
SHELL=/bin/bash
DISPLAY=:0.0

Signal Handlers:
SIGSEGV: [libjvm.so+0x99f4a0], sa_mask[0]=0x7ffbfeff, sa_flags=0x10000004
SIGBUS: [libjvm.so+0x99f4a0], sa_mask[0]=0x7ffbfeff, sa_flags=0x10000004
SIGFPE: [libjvm.so+0x81a860], sa_mask[0]=0x7ffbfeff, sa_flags=0x10000004
SIGPIPE: [libjvm.so+0x81a860], sa_mask[0]=0x7ffbfeff, sa_flags=0x10000004
SIGXFSZ: [libjvm.so+0x81a860], sa_mask[0]=0x7ffbfeff, sa_flags=0x10000004
SIGILL: [libjvm.so+0x81a860], sa_mask[0]=0x7ffbfeff, sa_flags=0x10000004
SIGUSR1: SIG_DFL, sa_mask[0]=0x00000000, sa_flags=0x00000000
SIGUSR2: [libjvm.so+0x81c060], sa_mask[0]=0x00000004, sa_flags=0x10000004
SIGHUP: [libjvm.so+0x81d160], sa_mask[0]=0x7ffbfeff, sa_flags=0x10000004
SIGINT: [libjvm.so+0x81d160], sa_mask[0]=0x7ffbfeff, sa_flags=0x10000004
SIGTERM: [libjvm.so+0x81d160], sa_mask[0]=0x7ffbfeff, sa_flags=0x10000004
SIGQUIT: [libjvm.so+0x81d160], sa_mask[0]=0x7ffbfeff, sa_flags=0x10000004


---------------  S Y S T E M  ---------------

OS:wheezy/sid

uname:Linux 3.5.0-54-generic #81~precise1-Ubuntu SMP Tue Jul 15 04:02:22 UTC 2014 x86_64
libc:glibc 2.15 NPTL 2.15 
rlimit: STACK 8192k, CORE 0k, NPROC 30587, NOFILE 4096, AS infinity
load average:0,57 0,54 0,43

/proc/meminfo:
MemTotal:        3940424 kB
MemFree:          672488 kB
Buffers:          295820 kB
Cached:           722668 kB
SwapCached:        90856 kB
Active:          1863608 kB
Inactive:        1200120 kB
Active(anon):    1445344 kB
Inactive(anon):   682748 kB
Active(file):     418264 kB
Inactive(file):   517372 kB
Unevictable:         248 kB
Mlocked:             248 kB
SwapTotal:       1477628 kB
SwapFree:        1003688 kB
Dirty:              8300 kB
Writeback:             0 kB
AnonPages:       1996036 kB
Mapped:           153532 kB
Shmem:             82776 kB
Slab:              92740 kB
SReclaimable:      55920 kB
SUnreclaim:        36820 kB
KernelStack:        5576 kB
PageTables:        45764 kB
NFS_Unstable:          0 kB
Bounce:                0 kB
WritebackTmp:          0 kB
CommitLimit:     3447840 kB
Committed_AS:    6496704 kB
VmallocTotal:   34359738367 kB
VmallocUsed:      360556 kB
VmallocChunk:   34359368424 kB
HardwareCorrupted:     0 kB
AnonHugePages:         0 kB
HugePages_Total:       0
HugePages_Free:        0
HugePages_Rsvd:        0
HugePages_Surp:        0
Hugepagesize:       2048 kB
DirectMap4k:       59392 kB
DirectMap2M:     4042752 kB


CPU:total 4 (2 cores per cpu, 2 threads per core) family 6 model 58 stepping 9, cmov, cx8, fxsr, mmx, sse, sse2, sse3, ssse3, sse4.1, sse4.2, popcnt, avx, erms, ht, tsc, tscinvbit, tscinv

/proc/cpuinfo:
processor	: 0
vendor_id	: GenuineIntel
cpu family	: 6
model		: 58
model name	: Intel(R) Core(TM) i3-3220 CPU @ 3.30GHz
stepping	: 9
microcode	: 0x15
cpu MHz		: 1600.000
cache size	: 3072 KB
physical id	: 0
siblings	: 4
core id		: 0
cpu cores	: 2
apicid		: 0
initial apicid	: 0
fpu		: yes
fpu_exception	: yes
cpuid level	: 13
wp		: yes
flags		: fpu vme de pse tsc msr pae mce cx8 apic sep mtrr pge mca cmov pat pse36 clflush dts acpi mmx fxsr sse sse2 ss ht tm pbe syscall nx rdtscp lm constant_tsc arch_perfmon pebs bts rep_good nopl xtopology nonstop_tsc aperfmperf pni pclmulqdq dtes64 monitor ds_cpl vmx est tm2 ssse3 cx16 xtpr pdcm pcid sse4_1 sse4_2 popcnt tsc_deadline_timer xsave avx f16c lahf_lm arat epb xsaveopt pln pts dtherm tpr_shadow vnmi flexpriority ept vpid fsgsbase smep erms
bogomips	: 6584.70
clflush size	: 64
cache_alignment	: 64
address sizes	: 36 bits physical, 48 bits virtual
power management:

processor	: 1
vendor_id	: GenuineIntel
cpu family	: 6
model		: 58
model name	: Intel(R) Core(TM) i3-3220 CPU @ 3.30GHz
stepping	: 9
microcode	: 0x15
cpu MHz		: 3100.000
cache size	: 3072 KB
physical id	: 0
siblings	: 4
core id		: 1
cpu cores	: 2
apicid		: 2
initial apicid	: 2
fpu		: yes
fpu_exception	: yes
cpuid level	: 13
wp		: yes
flags		: fpu vme de pse tsc msr pae mce cx8 apic sep mtrr pge mca cmov pat pse36 clflush dts acpi mmx fxsr sse sse2 ss ht tm pbe syscall nx rdtscp lm constant_tsc arch_perfmon pebs bts rep_good nopl xtopology nonstop_tsc aperfmperf pni pclmulqdq dtes64 monitor ds_cpl vmx est tm2 ssse3 cx16 xtpr pdcm pcid sse4_1 sse4_2 popcnt tsc_deadline_timer xsave avx f16c lahf_lm arat epb xsaveopt pln pts dtherm tpr_shadow vnmi flexpriority ept vpid fsgsbase smep erms
bogomips	: 6584.70
clflush size	: 64
cache_alignment	: 64
address sizes	: 36 bits physical, 48 bits virtual
power management:

processor	: 2
vendor_id	: GenuineIntel
cpu family	: 6
model		: 58
model name	: Intel(R) Core(TM) i3-3220 CPU @ 3.30GHz
stepping	: 9
microcode	: 0x15
cpu MHz		: 3300.000
cache size	: 3072 KB
physical id	: 0
siblings	: 4
core id		: 0
cpu cores	: 2
apicid		: 1
initial apicid	: 1
fpu		: yes
fpu_exception	: yes
cpuid level	: 13
wp		: yes
flags		: fpu vme de pse tsc msr pae mce cx8 apic sep mtrr pge mca cmov pat pse36 clflush dts acpi mmx fxsr sse sse2 ss ht tm pbe syscall nx rdtscp lm constant_tsc arch_perfmon pebs bts rep_good nopl xtopology nonstop_tsc aperfmperf pni pclmulqdq dtes64 monitor ds_cpl vmx est tm2 ssse3 cx16 xtpr pdcm pcid sse4_1 sse4_2 popcnt tsc_deadline_timer xsave avx f16c lahf_lm arat epb xsaveopt pln pts dtherm tpr_shadow vnmi flexpriority ept vpid fsgsbase smep erms
bogomips	: 6584.70
clflush size	: 64
cache_alignment	: 64
address sizes	: 36 bits physical, 48 bits virtual
power management:

processor	: 3
vendor_id	: GenuineIntel
cpu family	: 6
model		: 58
model name	: Intel(R) Core(TM) i3-3220 CPU @ 3.30GHz
stepping	: 9
microcode	: 0x15
cpu MHz		: 1600.000
cache size	: 3072 KB
physical id	: 0
siblings	: 4
core id		: 1
cpu cores	: 2
apicid		: 3
initial apicid	: 3
fpu		: yes
fpu_exception	: yes
cpuid level	: 13
wp		: yes
flags		: fpu vme de pse tsc msr pae mce cx8 apic sep mtrr pge mca cmov pat pse36 clflush dts acpi mmx fxsr sse sse2 ss ht tm pbe syscall nx rdtscp lm constant_tsc arch_perfmon pebs bts rep_good nopl xtopology nonstop_tsc aperfmperf pni pclmulqdq dtes64 monitor ds_cpl vmx est tm2 ssse3 cx16 xtpr pdcm pcid sse4_1 sse4_2 popcnt tsc_deadline_timer xsave avx f16c lahf_lm arat epb xsaveopt pln pts dtherm tpr_shadow vnmi flexpriority ept vpid fsgsbase smep erms
bogomips	: 6584.70
clflush size	: 64
cache_alignment	: 64
address sizes	: 36 bits physical, 48 bits virtual
power management:



Memory: 4k page, physical 3940424k(672488k free), swap 1477628k(1003688k free)

vm_info: Java HotSpot(TM) 64-Bit Server VM (24.65-b04) for linux-amd64 JRE (1.7.0_65-b17), built on Jun 16 2014 20:55:34 by "java_re" with gcc 4.3.0 20080428 (Red Hat 4.3.0-8)

time: Mon Aug  4 21:03:22 2014
elapsed time: 47183 seconds

